# JRE version: OpenJDK Runtime Environment (8.0_152-b01) (build 1.8.0_152-release-1248-b01)
# Java VM: OpenJDK 64-Bit Server VM (25.152-b01 mixed mode linux-amd64 compressed oops)
Heap:
 PSYoungGen      total 305152K, used 3651K [0x00000000e0000000, 0x00000000f3b80000, 0x0000000100000000)
  eden space 287232K, 0% used [0x00000000e0000000,0x00000000e0000000,0x00000000f1880000)
  from space 17920K, 20% used [0x00000000f1880000,0x00000000f1c10ea8,0x00000000f2a00000)
  to   space 13312K, 0% used [0x00000000f2e80000,0x00000000f2e80000,0x00000000f3b80000)
 ParOldGen       total 89088K, used 43929K [0x00000000a0000000, 0x00000000a5700000, 0x00000000e0000000)
  object space 89088K, 49% used [0x00000000a0000000,0x00000000a2ae6618,0x00000000a5700000)
 Metaspace       used 74401K, capacity 77144K, committed 77352K, reserved 1116160K
  class space    used 9908K, capacity 10453K, committed 10544K, reserved 1048576K
GC Heap History (10 events):
Event: 12.741 GC heap after
Heap after GC invocations=17 (full 3):
 PSYoungGen      total 197632K, used 14324K [0x00000000e0000000, 0x00000000edb80000, 0x0000000100000000)
  eden space 183296K, 0% used [0x00000000e0000000,0x00000000e0000000,0x00000000eb300000)
  from space 14336K, 99% used [0x00000000ecd80000,0x00000000edb7d1c0,0x00000000edb80000)
  to   space 18432K, 0% used [0x00000000eb780000,0x00000000eb780000,0x00000000ec980000)
 ParOldGen       total 89088K, used 32674K [0x00000000a0000000, 0x00000000a5700000, 0x00000000e0000000)
  object space 89088K, 36% used [0x00000000a0000000,0x00000000a1fe8a10,0x00000000a5700000)
 Metaspace       used 62560K, capacity 64282K, committed 64552K, reserved 1105920K
  class space    used 8514K, capacity 8948K, committed 9008K, reserved 1048576K
}
Event: 13.226 GC heap before
{Heap before GC invocations=18 (full 3):
 PSYoungGen      total 197632K, used 196618K [0x00000000e0000000, 0x00000000edb80000, 0x0000000100000000)
  eden space 183296K, 99% used [0x00000000e0000000,0x00000000eb205640,0x00000000eb300000)
  from space 14336K, 99% used [0x00000000ecd80000,0x00000000edb7d1c0,0x00000000edb80000)
  to   space 18432K, 0% used [0x00000000eb780000,0x00000000eb780000,0x00000000ec980000)
 ParOldGen       total 89088K, used 32674K [0x00000000a0000000, 0x00000000a5700000, 0x00000000e0000000)
  object space 89088K, 36% used [0x00000000a0000000,0x00000000a1fe8a10,0x00000000a5700000)
 Metaspace       used 62969K, capacity 64772K, committed 64936K, reserved 1105920K
  class space    used 8563K, capacity 9011K, committed 9136K, reserved 1048576K
Event: 13.249 GC heap after
Heap after GC invocations=18 (full 3):
 PSYoungGen      total 206336K, used 9928K [0x00000000e0000000, 0x00000000f0500000, 0x0000000100000000)
  eden space 187904K, 0% used [0x00000000e0000000,0x00000000e0000000,0x00000000eb780000)
  from space 18432K, 53% used [0x00000000eb780000,0x00000000ec132020,0x00000000ec980000)
  to   space 17920K, 0% used [0x00000000ef380000,0x00000000ef380000,0x00000000f0500000)
 ParOldGen       total 89088K, used 32682K [0x00000000a0000000, 0x00000000a5700000, 0x00000000e0000000)
  object space 89088K, 36% used [0x00000000a0000000,0x00000000a1feaa10,0x00000000a5700000)
 Metaspace       used 62969K, capacity 64772K, committed 64936K, reserved 1105920K
  class space    used 8563K, capacity 9011K, committed 9136K, reserved 1048576K
}
Event: 13.311 GC heap before
{Heap before GC invocations=19 (full 3):
 PSYoungGen      total 206336K, used 196888K [0x00000000e0000000, 0x00000000f0500000, 0x0000000100000000)
  eden space 187904K, 99% used [0x00000000e0000000,0x00000000eb693fe8,0x00000000eb780000)
  from space 18432K, 53% used [0x00000000eb780000,0x00000000ec132020,0x00000000ec980000)
  to   space 17920K, 0% used [0x00000000ef380000,0x00000000ef380000,0x00000000f0500000)
 ParOldGen       total 89088K, used 32682K [0x00000000a0000000, 0x00000000a5700000, 0x00000000e0000000)
  object space 89088K, 36% used [0x00000000a0000000,0x00000000a1feaa10,0x00000000a5700000)
 Metaspace       used 62978K, capacity 64772K, committed 64936K, reserved 1105920K
  class space    used 8563K, capacity 9011K, committed 9136K, reserved 1048576K
Event: 13.328 GC heap after
Heap after GC invocations=19 (full 3):
 PSYoungGen      total 249856K, used 8956K [0x00000000e0000000, 0x00000000f2580000, 0x0000000100000000)
  eden space 231936K, 0% used [0x00000000e0000000,0x00000000e0000000,0x00000000ee280000)
  from space 17920K, 49% used [0x00000000ef380000,0x00000000efc3f030,0x00000000f0500000)
  to   space 17408K, 0% used [0x00000000ee280000,0x00000000ee280000,0x00000000ef380000)
 ParOldGen       total 89088K, used 32690K [0x00000000a0000000, 0x00000000a5700000, 0x00000000e0000000)
  object space 89088K, 36% used [0x00000000a0000000,0x00000000a1feca10,0x00000000a5700000)
 Metaspace       used 62978K, capacity 64772K, committed 64936K, reserved 1105920K
  class space    used 8563K, capacity 9011K, committed 9136K, reserved 1048576K
}
Event: 15.880 GC heap before
{Heap before GC invocations=20 (full 3):
 PSYoungGen      total 249856K, used 240892K [0x00000000e0000000, 0x00000000f2580000, 0x0000000100000000)
  eden space 231936K, 100% used [0x00000000e0000000,0x00000000ee280000,0x00000000ee280000)
  from space 17920K, 49% used [0x00000000ef380000,0x00000000efc3f030,0x00000000f0500000)
  to   space 17408K, 0% used [0x00000000ee280000,0x00000000ee280000,0x00000000ef380000)
 ParOldGen       total 89088K, used 32690K [0x00000000a0000000, 0x00000000a5700000, 0x00000000e0000000)
  object space 89088K, 36% used [0x00000000a0000000,0x00000000a1feca10,0x00000000a5700000)
 Metaspace       used 73324K, capacity 76064K, committed 76328K, reserved 1116160K
  class space    used 9881K, capacity 10445K, committed 10544K, reserved 1048576K
Event: 15.922 GC heap after
Heap after GC invocations=20 (full 3):
 PSYoungGen      total 249344K, used 13524K [0x00000000e0000000, 0x00000000f4000000, 0x0000000100000000)
  eden space 231936K, 0% used [0x00000000e0000000,0x00000000e0000000,0x00000000ee280000)
  from space 17408K, 77% used [0x00000000ee280000,0x00000000eefb5128,0x00000000ef380000)
  to   space 17920K, 0% used [0x00000000f2e80000,0x00000000f2e80000,0x00000000f4000000)
 ParOldGen       total 89088K, used 40522K [0x00000000a0000000, 0x00000000a5700000, 0x00000000e0000000)
  object space 89088K, 45% used [0x00000000a0000000,0x00000000a2792870,0x00000000a5700000)
 Metaspace       used 73324K, capacity 76064K, committed 76328K, reserved 1116160K
  class space    used 9881K, capacity 10445K, committed 10544K, reserved 1048576K
}
Event: 17.597 GC heap before
{Heap before GC invocations=21 (full 3):
 PSYoungGen      total 249344K, used 245460K [0x00000000e0000000, 0x00000000f4000000, 0x0000000100000000)
  eden space 231936K, 100% used [0x00000000e0000000,0x00000000ee280000,0x00000000ee280000)
  from space 17408K, 77% used [0x00000000ee280000,0x00000000eefb5128,0x00000000ef380000)
  to   space 17920K, 0% used [0x00000000f2e80000,0x00000000f2e80000,0x00000000f4000000)
 ParOldGen       total 89088K, used 40522K [0x00000000a0000000, 0x00000000a5700000, 0x00000000e0000000)
  object space 89088K, 45% used [0x00000000a0000000,0x00000000a2792870,0x00000000a5700000)
 Metaspace       used 74122K, capacity 76924K, committed 77096K, reserved 1116160K
  class space    used 9908K, capacity 10453K, committed 10544K, reserved 1048576K
Event: 17.623 GC heap after
Heap after GC invocations=21 (full 3):
 PSYoungGen      total 300544K, used 5018K [0x00000000e0000000, 0x00000000f3b80000, 0x0000000100000000)
  eden space 287232K, 0% used [0x00000000e0000000,0x00000000e0000000,0x00000000f1880000)
  from space 13312K, 37% used [0x00000000f2e80000,0x00000000f3366bf8,0x00000000f3b80000)
  to   space 17920K, 0% used [0x00000000f1880000,0x00000000f1880000,0x00000000f2a00000)
 ParOldGen       total 89088K, used 43277K [0x00000000a0000000, 0x00000000a5700000, 0x00000000e0000000)
  object space 89088K, 48% used [0x00000000a0000000,0x00000000a2a434d8,0x00000000a5700000)
 Metaspace       used 74122K, capacity 76924K, committed 77096K, reserved 1116160K
  class space    used 9908K, capacity 10453K, committed 10544K, reserved 1048576K
}
Event: 18.922 GC heap before
{Heap before GC invocations=22 (full 3):
 PSYoungGen      total 300544K, used 292250K [0x00000000e0000000, 0x00000000f3b80000, 0x0000000100000000)
  eden space 287232K, 100% used [0x00000000e0000000,0x00000000f1880000,0x00000000f1880000)
  from space 13312K, 37% used [0x00000000f2e80000,0x00000000f3366bf8,0x00000000f3b80000)
  to   space 17920K, 0% used [0x00000000f1880000,0x00000000f1880000,0x00000000f2a00000)
 ParOldGen       total 89088K, used 43277K [0x00000000a0000000, 0x00000000a5700000, 0x00000000e0000000)
  object space 89088K, 48% used [0x00000000a0000000,0x00000000a2a434d8,0x00000000a5700000)
 Metaspace       used 74401K, capacity 77144K, committed 77352K, reserved 1116160K
  class space    used 9908K, capacity 10453K, committed 10544K, reserved 1048576K

