# JRE version: OpenJDK Runtime Environment (8.0_152-b01) (build 1.8.0_152-release-1248-b01)
# Java VM: OpenJDK 64-Bit Server VM (25.152-b01 mixed mode linux-amd64 compressed oops)
Heap:
 PSYoungGen      total 219648K, used 9853K [0x00000000e0000000, 0x00000000eff00000, 0x0000000100000000)
  eden space 201728K, 0% used [0x00000000e0000000,0x00000000e0000000,0x00000000ec500000)
  from space 17920K, 54% used [0x00000000eed80000,0x00000000ef71f4c0,0x00000000eff00000)
  to   space 17408K, 0% used [0x00000000ec500000,0x00000000ec500000,0x00000000ed600000)
 ParOldGen       total 89088K, used 32644K [0x00000000a0000000, 0x00000000a5700000, 0x00000000e0000000)
  object space 89088K, 36% used [0x00000000a0000000,0x00000000a1fe1030,0x00000000a5700000)
 Metaspace       used 67184K, capacity 69050K, committed 69296K, reserved 1110016K
  class space    used 9075K, capacity 9529K, committed 9648K, reserved 1048576K
GC Heap History (10 events):
Event: 12.244 GC heap after
Heap after GC invocations=14 (full 2):
 PSYoungGen      total 170496K, used 14820K [0x00000000e0000000, 0x00000000ebb80000, 0x0000000100000000)
  eden space 155648K, 0% used [0x00000000e0000000,0x00000000e0000000,0x00000000e9800000)
  from space 14848K, 99% used [0x00000000ea900000,0x00000000eb7792f0,0x00000000eb780000)
  to   space 17408K, 0% used [0x00000000e9800000,0x00000000e9800000,0x00000000ea900000)
 ParOldGen       total 56320K, used 20578K [0x00000000a0000000, 0x00000000a3700000, 0x00000000e0000000)
  object space 56320K, 36% used [0x00000000a0000000,0x00000000a1418b50,0x00000000a3700000)
 Metaspace       used 52166K, capacity 53328K, committed 53552K, reserved 1095680K
  class space    used 7051K, capacity 7427K, committed 7472K, reserved 1048576K
}
Event: 13.305 GC heap before
{Heap before GC invocations=15 (full 2):
 PSYoungGen      total 170496K, used 86990K [0x00000000e0000000, 0x00000000ebb80000, 0x0000000100000000)
  eden space 155648K, 46% used [0x00000000e0000000,0x00000000e467a528,0x00000000e9800000)
  from space 14848K, 99% used [0x00000000ea900000,0x00000000eb7792f0,0x00000000eb780000)
  to   space 17408K, 0% used [0x00000000e9800000,0x00000000e9800000,0x00000000ea900000)
 ParOldGen       total 56320K, used 20578K [0x00000000a0000000, 0x00000000a3700000, 0x00000000e0000000)
  object space 56320K, 36% used [0x00000000a0000000,0x00000000a1418b50,0x00000000a3700000)
 Metaspace       used 57525K, capacity 59000K, committed 59160K, reserved 1099776K
  class space    used 7833K, capacity 8249K, committed 8368K, reserved 1048576K
Event: 13.339 GC heap after
Heap after GC invocations=15 (full 2):
 PSYoungGen      total 173056K, used 8755K [0x00000000e0000000, 0x00000000eeb80000, 0x0000000100000000)
  eden space 155648K, 0% used [0x00000000e0000000,0x00000000e0000000,0x00000000e9800000)
  from space 17408K, 50% used [0x00000000e9800000,0x00000000ea08cc68,0x00000000ea900000)
  to   space 16896K, 0% used [0x00000000edb00000,0x00000000edb00000,0x00000000eeb80000)
 ParOldGen       total 56320K, used 31100K [0x00000000a0000000, 0x00000000a3700000, 0x00000000e0000000)
  object space 56320K, 55% used [0x00000000a0000000,0x00000000a1e5f178,0x00000000a3700000)
 Metaspace       used 57525K, capacity 59000K, committed 59160K, reserved 1099776K
  class space    used 7833K, capacity 8249K, committed 8368K, reserved 1048576K
}
Event: 13.339 GC heap before
{Heap before GC invocations=16 (full 3):
 PSYoungGen      total 173056K, used 8755K [0x00000000e0000000, 0x00000000eeb80000, 0x0000000100000000)
  eden space 155648K, 0% used [0x00000000e0000000,0x00000000e0000000,0x00000000e9800000)
  from space 17408K, 50% used [0x00000000e9800000,0x00000000ea08cc68,0x00000000ea900000)
  to   space 16896K, 0% used [0x00000000edb00000,0x00000000edb00000,0x00000000eeb80000)
 ParOldGen       total 56320K, used 31100K [0x00000000a0000000, 0x00000000a3700000, 0x00000000e0000000)
  object space 56320K, 55% used [0x00000000a0000000,0x00000000a1e5f178,0x00000000a3700000)
 Metaspace       used 57525K, capacity 59000K, committed 59160K, reserved 1099776K
  class space    used 7833K, capacity 8249K, committed 8368K, reserved 1048576K
Event: 13.638 GC heap after
Heap after GC invocations=16 (full 3):
 PSYoungGen      total 173056K, used 0K [0x00000000e0000000, 0x00000000eeb80000, 0x0000000100000000)
  eden space 155648K, 0% used [0x00000000e0000000,0x00000000e0000000,0x00000000e9800000)
  from space 17408K, 0% used [0x00000000e9800000,0x00000000e9800000,0x00000000ea900000)
  to   space 16896K, 0% used [0x00000000edb00000,0x00000000edb00000,0x00000000eeb80000)
 ParOldGen       total 89088K, used 32620K [0x00000000a0000000, 0x00000000a5700000, 0x00000000e0000000)
  object space 89088K, 36% used [0x00000000a0000000,0x00000000a1fdb030,0x00000000a5700000)
 Metaspace       used 57525K, capacity 59000K, committed 59160K, reserved 1099776K
  class space    used 7833K, capacity 8249K, committed 8368K, reserved 1048576K
}
Event: 17.785 GC heap before
{Heap before GC invocations=17 (full 3):
 PSYoungGen      total 173056K, used 155648K [0x00000000e0000000, 0x00000000eeb80000, 0x0000000100000000)
  eden space 155648K, 100% used [0x00000000e0000000,0x00000000e9800000,0x00000000e9800000)
  from space 17408K, 0% used [0x00000000e9800000,0x00000000e9800000,0x00000000ea900000)
  to   space 16896K, 0% used [0x00000000edb00000,0x00000000edb00000,0x00000000eeb80000)
 ParOldGen       total 89088K, used 32620K [0x00000000a0000000, 0x00000000a5700000, 0x00000000e0000000)
  object space 89088K, 36% used [0x00000000a0000000,0x00000000a1fdb030,0x00000000a5700000)
 Metaspace       used 63664K, capacity 65348K, committed 65712K, reserved 1105920K
  class space    used 8619K, capacity 9032K, committed 9136K, reserved 1048576K
Event: 17.801 GC heap after
Heap after GC invocations=17 (full 3):
 PSYoungGen      total 202240K, used 12116K [0x00000000e0000000, 0x00000000ee700000, 0x0000000100000000)
  eden space 189952K, 0% used [0x00000000e0000000,0x00000000e0000000,0x00000000eb980000)
  from space 12288K, 98% used [0x00000000edb00000,0x00000000ee6d5150,0x00000000ee700000)
  to   space 17408K, 0% used [0x00000000ec500000,0x00000000ec500000,0x00000000ed600000)
 ParOldGen       total 89088K, used 32628K [0x00000000a0000000, 0x00000000a5700000, 0x00000000e0000000)
  object space 89088K, 36% used [0x00000000a0000000,0x00000000a1fdd030,0x00000000a5700000)
 Metaspace       used 63664K, capacity 65348K, committed 65712K, reserved 1105920K
  class space    used 8619K, capacity 9032K, committed 9136K, reserved 1048576K
}
Event: 28.721 GC heap before
{Heap before GC invocations=18 (full 3):
 PSYoungGen      total 202240K, used 201282K [0x00000000e0000000, 0x00000000ee700000, 0x0000000100000000)
  eden space 189952K, 99% used [0x00000000e0000000,0x00000000eb8bb798,0x00000000eb980000)
  from space 12288K, 98% used [0x00000000edb00000,0x00000000ee6d5150,0x00000000ee700000)
  to   space 17408K, 0% used [0x00000000ec500000,0x00000000ec500000,0x00000000ed600000)
 ParOldGen       total 89088K, used 32628K [0x00000000a0000000, 0x00000000a5700000, 0x00000000e0000000)
  object space 89088K, 36% used [0x00000000a0000000,0x00000000a1fdd030,0x00000000a5700000)
 Metaspace       used 67172K, capacity 69050K, committed 69296K, reserved 1110016K
  class space    used 9074K, capacity 9529K, committed 9648K, reserved 1048576K
Event: 28.744 GC heap after
Heap after GC invocations=18 (full 3):
 PSYoungGen      total 219136K, used 12287K [0x00000000e0000000, 0x00000000eff00000, 0x0000000100000000)
  eden space 201728K, 0% used [0x00000000e0000000,0x00000000e0000000,0x00000000ec500000)
  from space 17408K, 70% used [0x00000000ec500000,0x00000000ed0ffe40,0x00000000ed600000)
  to   space 17920K, 0% used [0x00000000eed80000,0x00000000eed80000,0x00000000eff00000)
 ParOldGen       total 89088K, used 32636K [0x00000000a0000000, 0x00000000a5700000, 0x00000000e0000000)
  object space 89088K, 36% used [0x00000000a0000000,0x00000000a1fdf030,0x00000000a5700000)
 Metaspace       used 67172K, capacity 69050K, committed 69296K, reserved 1110016K
  class space    used 9074K, capacity 9529K, committed 9648K, reserved 1048576K
}
Event: 28.854 GC heap before
{Heap before GC invocations=19 (full 3):
 PSYoungGen      total 219136K, used 213998K [0x00000000e0000000, 0x00000000eff00000, 0x0000000100000000)
  eden space 201728K, 99% used [0x00000000e0000000,0x00000000ec4fba40,0x00000000ec500000)
  from space 17408K, 70% used [0x00000000ec500000,0x00000000ed0ffe40,0x00000000ed600000)
  to   space 17920K, 0% used [0x00000000eed80000,0x00000000eed80000,0x00000000eff00000)
 ParOldGen       total 89088K, used 32636K [0x00000000a0000000, 0x00000000a5700000, 0x00000000e0000000)
  object space 89088K, 36% used [0x00000000a0000000,0x00000000a1fdf030,0x00000000a5700000)
 Metaspace       used 67184K, capacity 69050K, committed 69296K, reserved 1110016K
  class space    used 9075K, capacity 9529K, committed 9648K, reserved 1048576K

